[0m14:29:41.192259 [debug] [MainThread]: Sending event: {'category': 'dbt', 'action': 'invocation', 'label': 'start', 'context': [<snowplow_tracker.self_describing_json.SelfDescribingJson object at 0x0000019102E306D0>, <snowplow_tracker.self_describing_json.SelfDescribingJson object at 0x0000019102E15590>, <snowplow_tracker.self_describing_json.SelfDescribingJson object at 0x0000019102E15890>]}


============================== 14:29:41.204075 | 4f06e063-751b-4e8f-a065-4fefa2880a4b ==============================
[0m14:29:41.204075 [info ] [MainThread]: Running with dbt=1.9.2
[0m14:29:41.204075 [debug] [MainThread]: running dbt with arguments {'printer_width': '80', 'indirect_selection': 'eager', 'log_cache_events': 'False', 'write_json': 'True', 'partial_parse': 'True', 'cache_selected_only': 'False', 'warn_error': 'None', 'fail_fast': 'False', 'debug': 'False', 'log_path': 'logs', 'version_check': 'True', 'profiles_dir': 'C:\\Users\\nkgxg\\.dbt', 'use_colors': 'True', 'use_experimental_parser': 'False', 'no_print': 'None', 'quiet': 'False', 'empty': 'None', 'log_format': 'default', 'invocation_command': 'dbt init dbt_snowflake_test', 'warn_error_options': 'WarnErrorOptions(include=[], exclude=[])', 'static_parser': 'True', 'target_path': 'None', 'introspect': 'True', 'send_anonymous_usage_stats': 'True'}
[0m14:29:41.318376 [warn ] [MainThread]: [ConfigFolderDirectory]: Unable to parse logging event dictionary. Failed to parse dir field: expected string or bytes-like object, got 'WindowsPath'.. Dictionary: {'dir': WindowsPath('C:/Users/nkgxg/.dbt')}
[0m14:29:41.318376 [info ] [MainThread]: Creating dbt configuration folder at 
[0m14:29:41.324594 [debug] [MainThread]: Starter project path: e:\Study_And_Work\coding_practice\streaming_data_lakehouse_lab\.venv\Lib\site-packages\dbt\include\starter_project
[0m14:29:41.387505 [info ] [MainThread]: 
Your new dbt project "dbt_snowflake_test" was created!

For more information on how to configure the profiles.yml file,
please consult the dbt documentation here:

  https://docs.getdbt.com/docs/configure-your-profile

One more thing:

Need help? Don't hesitate to reach out to us via GitHub issues or on Slack:

  https://community.getdbt.com/

Happy modeling!

[0m14:29:41.388907 [info ] [MainThread]: Setting up your profile.
[0m14:35:34.763635 [info ] [MainThread]: Profile dbt_snowflake_test written to C:\Users\nkgxg\.dbt\profiles.yml using target's profile_template.yml and your supplied values. Run 'dbt debug' to validate the connection.
[0m14:35:34.764627 [debug] [MainThread]: Command `dbt init` succeeded at 14:35:34.764627 after 353.61 seconds
[0m14:35:34.765628 [debug] [MainThread]: Sending event: {'category': 'dbt', 'action': 'invocation', 'label': 'end', 'context': [<snowplow_tracker.self_describing_json.SelfDescribingJson object at 0x0000019102BC1B10>, <snowplow_tracker.self_describing_json.SelfDescribingJson object at 0x00000190FD662F10>, <snowplow_tracker.self_describing_json.SelfDescribingJson object at 0x00000191029DF3D0>]}
[0m14:35:34.765628 [debug] [MainThread]: Flushing usage events
[0m14:35:35.644688 [debug] [MainThread]: An error was encountered while trying to flush usage events
[0m14:36:01.113376 [debug] [MainThread]: Sending event: {'category': 'dbt', 'action': 'invocation', 'label': 'start', 'context': [<snowplow_tracker.self_describing_json.SelfDescribingJson object at 0x000001DA663A8290>, <snowplow_tracker.self_describing_json.SelfDescribingJson object at 0x000001DA6A614C10>, <snowplow_tracker.self_describing_json.SelfDescribingJson object at 0x000001DA6A1DB590>]}


============================== 14:36:01.133383 | 4d004ad5-d83e-4182-b899-42132b1cbd4f ==============================
[0m14:36:01.133383 [info ] [MainThread]: Running with dbt=1.9.2
[0m14:36:01.133383 [debug] [MainThread]: running dbt with arguments {'printer_width': '80', 'indirect_selection': 'eager', 'log_cache_events': 'False', 'write_json': 'True', 'partial_parse': 'True', 'cache_selected_only': 'False', 'profiles_dir': 'C:\\Users\\nkgxg\\.dbt', 'version_check': 'True', 'debug': 'False', 'log_path': 'logs', 'fail_fast': 'False', 'warn_error': 'None', 'use_colors': 'True', 'use_experimental_parser': 'False', 'no_print': 'None', 'quiet': 'False', 'empty': 'None', 'log_format': 'default', 'invocation_command': 'dbt debug', 'static_parser': 'True', 'warn_error_options': 'WarnErrorOptions(include=[], exclude=[])', 'target_path': 'None', 'introspect': 'True', 'send_anonymous_usage_stats': 'True'}
[0m14:36:01.236615 [info ] [MainThread]: dbt version: 1.9.2
[0m14:36:01.237627 [info ] [MainThread]: python version: 3.11.9
[0m14:36:01.237627 [info ] [MainThread]: python path: e:\Study_And_Work\coding_practice\streaming_data_lakehouse_lab\.venv\Scripts\python.exe
[0m14:36:01.237627 [info ] [MainThread]: os info: Windows-10-10.0.22631-SP0
[0m14:36:03.870191 [info ] [MainThread]: Using profiles dir at C:\Users\nkgxg\.dbt
[0m14:36:03.871145 [info ] [MainThread]: Using profiles.yml file at C:\Users\nkgxg\.dbt\profiles.yml
[0m14:36:03.871664 [info ] [MainThread]: Using dbt_project.yml file at E:\Study_And_Work\coding_practice\streaming_data_lakehouse_lab\dbt_project.yml
[0m14:36:03.880675 [info ] [MainThread]: adapter type: snowflake
[0m14:36:03.880675 [info ] [MainThread]: adapter version: 1.9.1
[0m14:36:03.881668 [info ] [MainThread]: Configuration:
[0m14:36:03.881668 [info ] [MainThread]:   profiles.yml file [[32mOK found and valid[0m]
[0m14:36:03.881668 [info ] [MainThread]:   dbt_project.yml file [[31mERROR not found[0m]
[0m14:36:03.882668 [info ] [MainThread]: Required dependencies:
[0m14:36:03.882668 [debug] [MainThread]: Executing "git --help"
[0m14:36:03.900668 [debug] [MainThread]: STDOUT: "b"usage: git [-v | --version] [-h | --help] [-C <path>] [-c <name>=<value>]\n           [--exec-path[=<path>]] [--html-path] [--man-path] [--info-path]\n           [-p | --paginate | -P | --no-pager] [--no-replace-objects] [--bare]\n           [--git-dir=<path>] [--work-tree=<path>] [--namespace=<name>]\n           [--config-env=<name>=<envvar>] <command> [<args>]\n\nThese are common Git commands used in various situations:\n\nstart a working area (see also: git help tutorial)\n   clone     Clone a repository into a new directory\n   init      Create an empty Git repository or reinitialize an existing one\n\nwork on the current change (see also: git help everyday)\n   add       Add file contents to the index\n   mv        Move or rename a file, a directory, or a symlink\n   restore   Restore working tree files\n   rm        Remove files from the working tree and from the index\n\nexamine the history and state (see also: git help revisions)\n   bisect    Use binary search to find the commit that introduced a bug\n   diff      Show changes between commits, commit and working tree, etc\n   grep      Print lines matching a pattern\n   log       Show commit logs\n   show      Show various types of objects\n   status    Show the working tree status\n\ngrow, mark and tweak your common history\n   branch    List, create, or delete branches\n   commit    Record changes to the repository\n   merge     Join two or more development histories together\n   rebase    Reapply commits on top of another base tip\n   reset     Reset current HEAD to the specified state\n   switch    Switch branches\n   tag       Create, list, delete or verify a tag object signed with GPG\n\ncollaborate (see also: git help workflows)\n   fetch     Download objects and refs from another repository\n   pull      Fetch from and integrate with another repository or a local branch\n   push      Update remote refs along with associated objects\n\n'git help -a' and 'git help -g' list available subcommands and some\nconcept guides. See 'git help <command>' or 'git help <concept>'\nto read about a specific subcommand or concept.\nSee 'git help git' for an overview of the system.\n""
[0m14:36:03.901668 [debug] [MainThread]: STDERR: "b''"
[0m14:36:03.901668 [info ] [MainThread]:  - git [[32mOK found[0m]

[0m14:36:03.902669 [info ] [MainThread]: Connection:
[0m14:36:03.902669 [info ] [MainThread]:   account: KXYCVJD.MB66969.snowflakecomputing.com
[0m14:36:03.902669 [info ] [MainThread]:   user: Sn0wflakeGXTest1
[0m14:36:03.903668 [info ] [MainThread]:   database: RAW
[0m14:36:03.903668 [info ] [MainThread]:   warehouse: COMPUTE_WH
[0m14:36:03.903668 [info ] [MainThread]:   role: ACCOUNTADMIN
[0m14:36:03.904668 [info ] [MainThread]:   schema: JAFFLE_SHOP
[0m14:36:03.904668 [info ] [MainThread]:   authenticator: None
[0m14:36:03.904668 [info ] [MainThread]:   oauth_client_id: None
[0m14:36:03.905667 [info ] [MainThread]:   query_tag: None
[0m14:36:03.905667 [info ] [MainThread]:   client_session_keep_alive: False
[0m14:36:03.905667 [info ] [MainThread]:   host: None
[0m14:36:03.905667 [info ] [MainThread]:   port: None
[0m14:36:03.906668 [info ] [MainThread]:   proxy_host: None
[0m14:36:03.906668 [info ] [MainThread]:   proxy_port: None
[0m14:36:03.906668 [info ] [MainThread]:   protocol: None
[0m14:36:03.907668 [info ] [MainThread]:   connect_retries: 1
[0m14:36:03.907668 [info ] [MainThread]:   connect_timeout: None
[0m14:36:03.907668 [info ] [MainThread]:   retry_on_database_errors: False
[0m14:36:03.908668 [info ] [MainThread]:   retry_all: False
[0m14:36:03.908668 [info ] [MainThread]:   insecure_mode: False
[0m14:36:03.908668 [info ] [MainThread]:   reuse_connections: True
[0m14:36:03.909668 [info ] [MainThread]: Registered adapter: snowflake=1.9.1
[0m14:36:04.194782 [debug] [MainThread]: Acquiring new snowflake connection 'debug'
[0m14:36:07.443532 [debug] [MainThread]: Using snowflake connection "debug"
[0m14:36:07.443532 [debug] [MainThread]: On debug: select 1 as id
[0m14:36:07.443532 [debug] [MainThread]: Opening a new connection, currently in state init
[0m14:36:11.392098 [debug] [MainThread]: Snowflake adapter: Error running SQL: select 1 as id
[0m14:36:11.392098 [debug] [MainThread]: Snowflake adapter: Rolling back transaction.
[0m14:36:11.392098 [info ] [MainThread]:   Connection test: [[31mERROR[0m]

[0m14:36:11.393294 [info ] [MainThread]: [31m2 checks failed:[0m
[0m14:36:11.394298 [info ] [MainThread]: Project loading failed for the following reason:
 project path <E:\Study_And_Work\coding_practice\streaming_data_lakehouse_lab\dbt_project.yml> not found

[0m14:36:11.394298 [info ] [MainThread]: dbt was unable to connect to the specified database.
The database returned the following error:

  >Database Error
  250001: Could not connect to Snowflake backend after 2 attempt(s).Aborting
  Verify that the hostnames and port numbers in SYSTEM$ALLOWLIST are added to your firewall's allowed list.
  To further troubleshoot your connection you may reference the following article: https://docs.snowflake.com/en/user-guide/client-connectivity-troubleshooting/overview.

Check your database credentials and try again. For more information, visit:
https://docs.getdbt.com/docs/configure-your-profile


[0m14:36:11.395298 [debug] [MainThread]: Command `dbt debug` failed at 14:36:11.395298 after 10.35 seconds
[0m14:36:11.396298 [debug] [MainThread]: Connection 'debug' was left open.
[0m14:36:11.396298 [debug] [MainThread]: On debug: No close available on handle
[0m14:36:11.396298 [debug] [MainThread]: Sending event: {'category': 'dbt', 'action': 'invocation', 'label': 'end', 'context': [<snowplow_tracker.self_describing_json.SelfDescribingJson object at 0x000001DA6A62D350>, <snowplow_tracker.self_describing_json.SelfDescribingJson object at 0x000001DA6A3C1D50>, <snowplow_tracker.self_describing_json.SelfDescribingJson object at 0x000001DA6A615150>]}
[0m14:36:11.396298 [debug] [MainThread]: Flushing usage events
[0m14:36:12.247384 [debug] [MainThread]: An error was encountered while trying to flush usage events
